0 info it worked if it ends with ok
1 verbose cli [ 'c:\\Program Files (x86)\\nodejs\\node.exe',
1 verbose cli   'c:\\Program Files (x86)\\nodejs\\node_modules\\npm\\bin\\npm-cli.js',
1 verbose cli   'install',
1 verbose cli   'hapi-mongoose-handler' ]
2 info using npm@1.4.28
3 info using node@v0.10.36
4 warn package.json PeopleQuality@1.0.0 No README data
5 verbose readDependencies using package.json deps
6 verbose cache add [ 'hapi-mongoose-handler', null ]
7 verbose cache add name=undefined spec="hapi-mongoose-handler" args=["hapi-mongoose-handler",null]
8 verbose parsed url { protocol: null,
8 verbose parsed url   slashes: null,
8 verbose parsed url   auth: null,
8 verbose parsed url   host: null,
8 verbose parsed url   port: null,
8 verbose parsed url   hostname: null,
8 verbose parsed url   hash: null,
8 verbose parsed url   search: null,
8 verbose parsed url   query: null,
8 verbose parsed url   pathname: 'hapi-mongoose-handler',
8 verbose parsed url   path: 'hapi-mongoose-handler',
8 verbose parsed url   href: 'hapi-mongoose-handler' }
9 silly lockFile e6c4755b-hapi-mongoose-handler hapi-mongoose-handler
10 verbose lock hapi-mongoose-handler C:\Users\Snake\AppData\Roaming\npm-cache\e6c4755b-hapi-mongoose-handler.lock
11 silly lockFile e6c4755b-hapi-mongoose-handler hapi-mongoose-handler
12 silly lockFile e6c4755b-hapi-mongoose-handler hapi-mongoose-handler
13 verbose addNamed [ 'hapi-mongoose-handler', '' ]
14 verbose addNamed [ null, '*' ]
15 silly lockFile 0deee57e-hapi-mongoose-handler hapi-mongoose-handler@
16 verbose lock hapi-mongoose-handler@ C:\Users\Snake\AppData\Roaming\npm-cache\0deee57e-hapi-mongoose-handler.lock
17 silly addNameRange { name: 'hapi-mongoose-handler', range: '*', hasData: false }
18 verbose request where is /hapi-mongoose-handler
19 verbose request registry https://registry.npmjs.org/
20 verbose request id c8499d3839b3c192
21 verbose url raw /hapi-mongoose-handler
22 verbose url resolving [ 'https://registry.npmjs.org/', './hapi-mongoose-handler' ]
23 verbose url resolved https://registry.npmjs.org/hapi-mongoose-handler
24 verbose request where is https://registry.npmjs.org/hapi-mongoose-handler
25 info trying registry request attempt 1 at 01:47:07
26 http GET https://registry.npmjs.org/hapi-mongoose-handler
27 http 200 https://registry.npmjs.org/hapi-mongoose-handler
28 silly registry.get cb [ 200,
28 silly registry.get   { server: 'CouchDB/1.5.0 (Erlang OTP/R16B03)',
28 silly registry.get     etag: '"EH12RLXJHAHUGGKZEPYZKNL62"',
28 silly registry.get     'content-type': 'application/json',
28 silly registry.get     'cache-control': 'max-age=60',
28 silly registry.get     'content-length': '12722',
28 silly registry.get     'accept-ranges': 'bytes',
28 silly registry.get     date: 'Fri, 15 May 2015 07:47:06 GMT',
28 silly registry.get     via: '1.1 varnish',
28 silly registry.get     age: '0',
28 silly registry.get     connection: 'keep-alive',
28 silly registry.get     'x-served-by': 'cache-iad2145-IAD',
28 silly registry.get     'x-cache': 'MISS',
28 silly registry.get     'x-cache-hits': '0',
28 silly registry.get     'x-timer': 'S1431676026.520589,VS0,VE65',
28 silly registry.get     vary: 'Accept' } ]
29 silly addNameRange number 2 { name: 'hapi-mongoose-handler', range: '*', hasData: true }
30 silly addNameRange versions [ 'hapi-mongoose-handler',
30 silly addNameRange   [ '0.0.2', '0.0.3', '0.0.4', '0.0.5' ] ]
31 verbose addNamed [ 'hapi-mongoose-handler', '0.0.5' ]
32 verbose addNamed [ '0.0.5', '0.0.5' ]
33 silly lockFile f05c979f-hapi-mongoose-handler-0-0-5 hapi-mongoose-handler@0.0.5
34 verbose lock hapi-mongoose-handler@0.0.5 C:\Users\Snake\AppData\Roaming\npm-cache\f05c979f-hapi-mongoose-handler-0-0-5.lock
35 silly lockFile 7d2b4104--hapi-mongoose-handler-0-0-5-tgz https://registry.npmjs.org/hapi-mongoose-handler/-/hapi-mongoose-handler-0.0.5.tgz
36 verbose lock https://registry.npmjs.org/hapi-mongoose-handler/-/hapi-mongoose-handler-0.0.5.tgz C:\Users\Snake\AppData\Roaming\npm-cache\7d2b4104--hapi-mongoose-handler-0-0-5-tgz.lock
37 verbose addRemoteTarball [ 'https://registry.npmjs.org/hapi-mongoose-handler/-/hapi-mongoose-handler-0.0.5.tgz',
37 verbose addRemoteTarball   '167b9c1a29de849456dc0263183590588b8b05ba' ]
38 info retry fetch attempt 1 at 01:47:08
39 verbose fetch to= C:\Users\Snake\AppData\Local\Temp\npm-2124-8izPee6c\registry.npmjs.org\hapi-mongoose-handler\-\hapi-mongoose-handler-0.0.5.tgz
40 http GET https://registry.npmjs.org/hapi-mongoose-handler/-/hapi-mongoose-handler-0.0.5.tgz
41 http 200 https://registry.npmjs.org/hapi-mongoose-handler/-/hapi-mongoose-handler-0.0.5.tgz
42 silly lockFile 7d2b4104--hapi-mongoose-handler-0-0-5-tgz https://registry.npmjs.org/hapi-mongoose-handler/-/hapi-mongoose-handler-0.0.5.tgz
43 silly lockFile 7d2b4104--hapi-mongoose-handler-0-0-5-tgz https://registry.npmjs.org/hapi-mongoose-handler/-/hapi-mongoose-handler-0.0.5.tgz
44 silly lockFile f05c979f-hapi-mongoose-handler-0-0-5 hapi-mongoose-handler@0.0.5
45 silly lockFile f05c979f-hapi-mongoose-handler-0-0-5 hapi-mongoose-handler@0.0.5
46 silly lockFile 0deee57e-hapi-mongoose-handler hapi-mongoose-handler@
47 silly lockFile 0deee57e-hapi-mongoose-handler hapi-mongoose-handler@
48 silly resolved [ { name: 'hapi-mongoose-handler',
48 silly resolved     keywords: [ 'hapi', 'mongoose', 'mongo' ],
48 silly resolved     version: '0.0.5',
48 silly resolved     main: './lib/index.js',
48 silly resolved     description: 'Generic handlers for quickly making RESTful APIs from mongoose schemas with hapi',
48 silly resolved     engines: { node: '>=0.10.5' },
48 silly resolved     repository:
48 silly resolved      { type: 'git',
48 silly resolved        url: 'https://github.com/craveprogramminginc/hapi-mongoose-handler' },
48 silly resolved     dependencies: { lodash: '~2.4.1' },
48 silly resolved     peerDependencies: { hapi: '2.x.x' },
48 silly resolved     scripts:
48 silly resolved      { prepublish: './node_modules/coffee-script/bin/coffee  -o lib/ -c src/',
48 silly resolved        test: './node_modules/mocha/bin/mocha --reporter spec ./test/' },
48 silly resolved     author: { name: 'null_radix', email: 'null_radix@riseup.net' },
48 silly resolved     license: 'AGPL',
48 silly resolved     bugs: { url: 'https://github.com/craveprogramminginc/hapi-mongoose-handler/issues' },
48 silly resolved     devDependencies:
48 silly resolved      { mongoose: '~3.8.6',
48 silly resolved        mocha: '~1.17.1',
48 silly resolved        chai: '~1.9.0',
48 silly resolved        'coffee-script': '~1.7.1',
48 silly resolved        hapi: '~2.1.2' },
48 silly resolved     _id: 'hapi-mongoose-handler@0.0.5',
48 silly resolved     dist:
48 silly resolved      { shasum: '167b9c1a29de849456dc0263183590588b8b05ba',
48 silly resolved        tarball: 'http://registry.npmjs.org/hapi-mongoose-handler/-/hapi-mongoose-handler-0.0.5.tgz' },
48 silly resolved     _from: 'hapi-mongoose-handler@',
48 silly resolved     _npmVersion: '1.3.8',
48 silly resolved     _npmUser: { name: 'null_radix', email: 'null_radix@riseup.net' },
48 silly resolved     maintainers: [ [Object] ],
48 silly resolved     directories: {},
48 silly resolved     _shasum: '167b9c1a29de849456dc0263183590588b8b05ba',
48 silly resolved     _resolved: 'https://registry.npmjs.org/hapi-mongoose-handler/-/hapi-mongoose-handler-0.0.5.tgz' } ]
49 info install hapi-mongoose-handler@0.0.5 into d:\PersonalProjects\PeopleQuality
50 info installOne hapi-mongoose-handler@0.0.5
51 verbose node_modules\hapi-mongoose-handler unbuild
52 verbose tar unpack C:\Users\Snake\AppData\Roaming\npm-cache\hapi-mongoose-handler\0.0.5\package.tgz
53 silly lockFile 6cd4095f-de-modules-hapi-mongoose-handler tar://d:\PersonalProjects\PeopleQuality\node_modules\hapi-mongoose-handler
54 verbose lock tar://d:\PersonalProjects\PeopleQuality\node_modules\hapi-mongoose-handler C:\Users\Snake\AppData\Roaming\npm-cache\6cd4095f-de-modules-hapi-mongoose-handler.lock
55 silly lockFile 310952ce-ngoose-handler-0-0-5-package-tgz tar://C:\Users\Snake\AppData\Roaming\npm-cache\hapi-mongoose-handler\0.0.5\package.tgz
56 verbose lock tar://C:\Users\Snake\AppData\Roaming\npm-cache\hapi-mongoose-handler\0.0.5\package.tgz C:\Users\Snake\AppData\Roaming\npm-cache\310952ce-ngoose-handler-0-0-5-package-tgz.lock
57 silly gunzTarPerm modes [ '777', '666' ]
58 silly gunzTarPerm extractEntry package.json
59 silly gunzTarPerm modified mode [ 'package.json', 420, 438 ]
60 silly gunzTarPerm extractEntry .npmignore
61 silly gunzTarPerm modified mode [ '.npmignore', 420, 438 ]
62 silly gunzTarPerm extractEntry README.md
63 silly gunzTarPerm modified mode [ 'README.md', 420, 438 ]
64 silly gunzTarPerm extractEntry .travis.yml
65 silly gunzTarPerm modified mode [ '.travis.yml', 420, 438 ]
66 silly gunzTarPerm extractEntry lib/create.js
67 silly gunzTarPerm modified mode [ 'lib/create.js', 420, 438 ]
68 silly gunzTarPerm extractEntry lib/destroy.js
69 silly gunzTarPerm modified mode [ 'lib/destroy.js', 420, 438 ]
70 silly gunzTarPerm extractEntry lib/find.js
71 silly gunzTarPerm modified mode [ 'lib/find.js', 420, 438 ]
72 silly gunzTarPerm extractEntry lib/findOne.js
73 silly gunzTarPerm modified mode [ 'lib/findOne.js', 420, 438 ]
74 silly gunzTarPerm extractEntry lib/index.js
75 silly gunzTarPerm modified mode [ 'lib/index.js', 420, 438 ]
76 silly gunzTarPerm extractEntry lib/update.js
77 silly gunzTarPerm modified mode [ 'lib/update.js', 420, 438 ]
78 silly gunzTarPerm extractEntry src/create.coffee
79 silly gunzTarPerm modified mode [ 'src/create.coffee', 420, 438 ]
80 silly gunzTarPerm extractEntry src/destroy.coffee
81 silly gunzTarPerm modified mode [ 'src/destroy.coffee', 420, 438 ]
82 silly gunzTarPerm extractEntry src/find.coffee
83 silly gunzTarPerm modified mode [ 'src/find.coffee', 420, 438 ]
84 silly gunzTarPerm extractEntry src/findOne.coffee
85 silly gunzTarPerm modified mode [ 'src/findOne.coffee', 420, 438 ]
86 silly gunzTarPerm extractEntry src/index.coffee
87 silly gunzTarPerm modified mode [ 'src/index.coffee', 420, 438 ]
88 silly gunzTarPerm extractEntry src/update.coffee
89 silly gunzTarPerm modified mode [ 'src/update.coffee', 420, 438 ]
90 silly gunzTarPerm extractEntry test/index.js
91 silly gunzTarPerm modified mode [ 'test/index.js', 420, 438 ]
92 silly lockFile 6cd4095f-de-modules-hapi-mongoose-handler tar://d:\PersonalProjects\PeopleQuality\node_modules\hapi-mongoose-handler
93 silly lockFile 6cd4095f-de-modules-hapi-mongoose-handler tar://d:\PersonalProjects\PeopleQuality\node_modules\hapi-mongoose-handler
94 silly lockFile 310952ce-ngoose-handler-0-0-5-package-tgz tar://C:\Users\Snake\AppData\Roaming\npm-cache\hapi-mongoose-handler\0.0.5\package.tgz
95 silly lockFile 310952ce-ngoose-handler-0-0-5-package-tgz tar://C:\Users\Snake\AppData\Roaming\npm-cache\hapi-mongoose-handler\0.0.5\package.tgz
96 info preinstall hapi-mongoose-handler@0.0.5
97 verbose readDependencies using package.json deps
98 verbose readDependencies using package.json deps
99 verbose cache add [ 'lodash@~2.4.1', null ]
100 verbose cache add name=undefined spec="lodash@~2.4.1" args=["lodash@~2.4.1",null]
101 verbose parsed url { protocol: null,
101 verbose parsed url   slashes: null,
101 verbose parsed url   auth: null,
101 verbose parsed url   host: null,
101 verbose parsed url   port: null,
101 verbose parsed url   hostname: null,
101 verbose parsed url   hash: null,
101 verbose parsed url   search: null,
101 verbose parsed url   query: null,
101 verbose parsed url   pathname: 'lodash@~2.4.1',
101 verbose parsed url   path: 'lodash@~2.4.1',
101 verbose parsed url   href: 'lodash@~2.4.1' }
102 verbose cache add name="lodash" spec="~2.4.1" args=["lodash","~2.4.1"]
103 verbose parsed url { protocol: null,
103 verbose parsed url   slashes: null,
103 verbose parsed url   auth: null,
103 verbose parsed url   host: null,
103 verbose parsed url   port: null,
103 verbose parsed url   hostname: null,
103 verbose parsed url   hash: null,
103 verbose parsed url   search: null,
103 verbose parsed url   query: null,
103 verbose parsed url   pathname: '~2.4.1',
103 verbose parsed url   path: '~2.4.1',
103 verbose parsed url   href: '~2.4.1' }
104 verbose addNamed [ 'lodash', '~2.4.1' ]
105 verbose addNamed [ null, '>=2.4.1-0 <2.5.0-0' ]
106 silly lockFile 257f9ab3-lodash-2-4-1 lodash@~2.4.1
107 verbose lock lodash@~2.4.1 C:\Users\Snake\AppData\Roaming\npm-cache\257f9ab3-lodash-2-4-1.lock
108 silly addNameRange { name: 'lodash', range: '>=2.4.1-0 <2.5.0-0', hasData: false }
109 verbose request where is /lodash
110 verbose request registry https://registry.npmjs.org/
111 verbose url raw /lodash
112 verbose url resolving [ 'https://registry.npmjs.org/', './lodash' ]
113 verbose url resolved https://registry.npmjs.org/lodash
114 verbose request where is https://registry.npmjs.org/lodash
115 info trying registry request attempt 1 at 01:47:08
116 http GET https://registry.npmjs.org/lodash
117 http 200 https://registry.npmjs.org/lodash
118 silly registry.get cb [ 200,
118 silly registry.get   { server: 'CouchDB/1.5.0 (Erlang OTP/R16B03)',
118 silly registry.get     etag: '"4LUI0HGD03NA841DXYY9AXPJH"',
118 silly registry.get     'content-type': 'application/json',
118 silly registry.get     'cache-control': 'max-age=60',
118 silly registry.get     'content-length': '97174',
118 silly registry.get     'accept-ranges': 'bytes',
118 silly registry.get     date: 'Fri, 15 May 2015 07:47:07 GMT',
118 silly registry.get     via: '1.1 varnish',
118 silly registry.get     age: '26',
118 silly registry.get     connection: 'keep-alive',
118 silly registry.get     'x-served-by': 'cache-iad2122-IAD',
118 silly registry.get     'x-cache': 'HIT',
118 silly registry.get     'x-cache-hits': '610',
118 silly registry.get     'x-timer': 'S1431676027.380382,VS0,VE0',
118 silly registry.get     vary: 'Accept' } ]
119 silly addNameRange number 2 { name: 'lodash', range: '>=2.4.1-0 <2.5.0-0', hasData: true }
120 silly addNameRange versions [ 'lodash',
120 silly addNameRange   [ '0.1.0',
120 silly addNameRange     '0.2.0',
120 silly addNameRange     '0.2.1',
120 silly addNameRange     '0.2.2',
120 silly addNameRange     '0.3.0',
120 silly addNameRange     '0.3.1',
120 silly addNameRange     '0.3.2',
120 silly addNameRange     '0.4.0',
120 silly addNameRange     '0.4.1',
120 silly addNameRange     '0.4.2',
120 silly addNameRange     '0.5.0-rc.1',
120 silly addNameRange     '0.5.0',
120 silly addNameRange     '0.5.1',
120 silly addNameRange     '0.5.2',
120 silly addNameRange     '0.6.0',
120 silly addNameRange     '0.6.1',
120 silly addNameRange     '0.7.0',
120 silly addNameRange     '0.8.0',
120 silly addNameRange     '0.8.1',
120 silly addNameRange     '0.8.2',
120 silly addNameRange     '0.9.0',
120 silly addNameRange     '0.9.1',
120 silly addNameRange     '0.9.2',
120 silly addNameRange     '0.10.0',
120 silly addNameRange     '1.0.0-rc.1',
120 silly addNameRange     '1.0.0-rc.2',
120 silly addNameRange     '1.0.0-rc.3',
120 silly addNameRange     '1.0.0',
120 silly addNameRange     '1.0.1',
120 silly addNameRange     '1.1.0',
120 silly addNameRange     '1.1.1',
120 silly addNameRange     '1.2.0',
120 silly addNameRange     '1.2.1',
120 silly addNameRange     '1.3.0',
120 silly addNameRange     '1.3.1',
120 silly addNameRange     '2.0.0',
120 silly addNameRange     '2.1.0',
120 silly addNameRange     '2.2.0',
120 silly addNameRange     '2.2.1',
120 silly addNameRange     '2.3.0',
120 silly addNameRange     '2.4.0',
120 silly addNameRange     '2.4.1',
120 silly addNameRange     '3.0.0',
120 silly addNameRange     '3.0.1',
120 silly addNameRange     '3.1.0',
120 silly addNameRange     '3.2.0',
120 silly addNameRange     '3.3.0',
120 silly addNameRange     '3.3.1',
120 silly addNameRange     '3.4.0',
120 silly addNameRange     '3.5.0',
120 silly addNameRange     '3.6.0',
120 silly addNameRange     '1.0.2',
120 silly addNameRange     '3.7.0',
120 silly addNameRange     '2.4.2',
120 silly addNameRange     '3.8.0' ] ]
121 verbose addNamed [ 'lodash', '2.4.2' ]
122 verbose addNamed [ '2.4.2', '2.4.2' ]
123 silly lockFile c9ffd2e6-lodash-2-4-2 lodash@2.4.2
124 verbose lock lodash@2.4.2 C:\Users\Snake\AppData\Roaming\npm-cache\c9ffd2e6-lodash-2-4-2.lock
125 silly lockFile f8fb0abb-pmjs-org-lodash-lodash-2-4-2-tgz https://registry.npmjs.org/lodash/-/lodash-2.4.2.tgz
126 verbose lock https://registry.npmjs.org/lodash/-/lodash-2.4.2.tgz C:\Users\Snake\AppData\Roaming\npm-cache\f8fb0abb-pmjs-org-lodash-lodash-2-4-2-tgz.lock
127 verbose addRemoteTarball [ 'https://registry.npmjs.org/lodash/-/lodash-2.4.2.tgz',
127 verbose addRemoteTarball   'fadd834b9683073da179b3eae6d9c0d15053f73e' ]
128 info retry fetch attempt 1 at 01:47:09
129 verbose fetch to= C:\Users\Snake\AppData\Local\Temp\npm-2124-8izPee6c\registry.npmjs.org\lodash\-\lodash-2.4.2.tgz
130 http GET https://registry.npmjs.org/lodash/-/lodash-2.4.2.tgz
131 http 200 https://registry.npmjs.org/lodash/-/lodash-2.4.2.tgz
132 silly lockFile f8fb0abb-pmjs-org-lodash-lodash-2-4-2-tgz https://registry.npmjs.org/lodash/-/lodash-2.4.2.tgz
133 silly lockFile f8fb0abb-pmjs-org-lodash-lodash-2-4-2-tgz https://registry.npmjs.org/lodash/-/lodash-2.4.2.tgz
134 silly lockFile c9ffd2e6-lodash-2-4-2 lodash@2.4.2
135 silly lockFile c9ffd2e6-lodash-2-4-2 lodash@2.4.2
136 silly lockFile 257f9ab3-lodash-2-4-1 lodash@~2.4.1
137 silly lockFile 257f9ab3-lodash-2-4-1 lodash@~2.4.1
138 silly resolved [ { name: 'lodash',
138 silly resolved     version: '2.4.2',
138 silly resolved     description: 'A utility library delivering consistency, customization, performance, & extras.',
138 silly resolved     homepage: 'http://lodash.com/',
138 silly resolved     license: 'MIT',
138 silly resolved     main: 'dist/lodash.js',
138 silly resolved     keywords:
138 silly resolved      [ 'amd',
138 silly resolved        'browser',
138 silly resolved        'client',
138 silly resolved        'customize',
138 silly resolved        'functional',
138 silly resolved        'server',
138 silly resolved        'util' ],
138 silly resolved     author:
138 silly resolved      { name: 'John-David Dalton',
138 silly resolved        email: 'john.david.dalton@gmail.com',
138 silly resolved        url: 'http://allyoucanleet.com/' },
138 silly resolved     contributors: [ [Object], [Object], [Object], [Object] ],
138 silly resolved     bugs: { url: 'https://github.com/lodash/lodash/issues' },
138 silly resolved     repository: { type: 'git', url: 'https://github.com/lodash/lodash.git' },
138 silly resolved     engines: [ 'node', 'rhino' ],
138 silly resolved     files:
138 silly resolved      [ 'LICENSE.txt',
138 silly resolved        'lodash.js',
138 silly resolved        'dist/lodash.js',
138 silly resolved        'dist/lodash.min.js',
138 silly resolved        'dist/lodash.compat.js',
138 silly resolved        'dist/lodash.compat.min.js',
138 silly resolved        'dist/lodash.underscore.js',
138 silly resolved        'dist/lodash.underscore.min.js' ],
138 silly resolved     jam: { main: 'dist/lodash.compat.js', include: [Object] },
138 silly resolved     volo: { type: 'directory', ignore: [Object] },
138 silly resolved     _id: 'lodash@2.4.2',
138 silly resolved     scripts: {},
138 silly resolved     _shasum: 'fadd834b9683073da179b3eae6d9c0d15053f73e',
138 silly resolved     _from: 'lodash@~2.4.1',
138 silly resolved     _npmVersion: '2.7.5',
138 silly resolved     _nodeVersion: '0.12.2',
138 silly resolved     _npmUser: { name: 'jdalton', email: 'john.david.dalton@gmail.com' },
138 silly resolved     maintainers: [ [Object], [Object], [Object], [Object], [Object] ],
138 silly resolved     dist:
138 silly resolved      { shasum: 'fadd834b9683073da179b3eae6d9c0d15053f73e',
138 silly resolved        tarball: 'http://registry.npmjs.org/lodash/-/lodash-2.4.2.tgz' },
138 silly resolved     directories: {},
138 silly resolved     _resolved: 'https://registry.npmjs.org/lodash/-/lodash-2.4.2.tgz' } ]
139 info install lodash@2.4.2 into d:\PersonalProjects\PeopleQuality\node_modules\hapi-mongoose-handler
140 info installOne lodash@2.4.2
141 verbose node_modules\hapi-mongoose-handler\node_modules\lodash unbuild
142 verbose tar unpack C:\Users\Snake\AppData\Roaming\npm-cache\lodash\2.4.2\package.tgz
143 silly lockFile f06f2ebe-oose-handler-node-modules-lodash tar://d:\PersonalProjects\PeopleQuality\node_modules\hapi-mongoose-handler\node_modules\lodash
144 verbose lock tar://d:\PersonalProjects\PeopleQuality\node_modules\hapi-mongoose-handler\node_modules\lodash C:\Users\Snake\AppData\Roaming\npm-cache\f06f2ebe-oose-handler-node-modules-lodash.lock
145 silly lockFile 12ccb128-m-cache-lodash-2-4-2-package-tgz tar://C:\Users\Snake\AppData\Roaming\npm-cache\lodash\2.4.2\package.tgz
146 verbose lock tar://C:\Users\Snake\AppData\Roaming\npm-cache\lodash\2.4.2\package.tgz C:\Users\Snake\AppData\Roaming\npm-cache\12ccb128-m-cache-lodash-2-4-2-package-tgz.lock
147 silly gunzTarPerm modes [ '777', '666' ]
148 silly gunzTarPerm extractEntry package.json
149 silly gunzTarPerm modified mode [ 'package.json', 420, 438 ]
150 silly gunzTarPerm extractEntry README.md
151 silly gunzTarPerm modified mode [ 'README.md', 420, 438 ]
152 silly gunzTarPerm extractEntry lodash.js
153 silly gunzTarPerm modified mode [ 'lodash.js', 420, 438 ]
154 silly gunzTarPerm extractEntry LICENSE.txt
155 silly gunzTarPerm modified mode [ 'LICENSE.txt', 420, 438 ]
156 silly gunzTarPerm extractEntry dist/lodash.compat.js
157 silly gunzTarPerm modified mode [ 'dist/lodash.compat.js', 420, 438 ]
158 silly gunzTarPerm extractEntry dist/lodash.compat.min.js
159 silly gunzTarPerm modified mode [ 'dist/lodash.compat.min.js', 420, 438 ]
160 silly gunzTarPerm extractEntry dist/lodash.js
161 silly gunzTarPerm modified mode [ 'dist/lodash.js', 420, 438 ]
162 silly gunzTarPerm extractEntry dist/lodash.min.js
163 silly gunzTarPerm modified mode [ 'dist/lodash.min.js', 420, 438 ]
164 silly gunzTarPerm extractEntry dist/lodash.underscore.js
165 silly gunzTarPerm modified mode [ 'dist/lodash.underscore.js', 420, 438 ]
166 silly gunzTarPerm extractEntry dist/lodash.underscore.min.js
167 silly gunzTarPerm modified mode [ 'dist/lodash.underscore.min.js', 420, 438 ]
168 silly lockFile f06f2ebe-oose-handler-node-modules-lodash tar://d:\PersonalProjects\PeopleQuality\node_modules\hapi-mongoose-handler\node_modules\lodash
169 silly lockFile f06f2ebe-oose-handler-node-modules-lodash tar://d:\PersonalProjects\PeopleQuality\node_modules\hapi-mongoose-handler\node_modules\lodash
170 silly lockFile 12ccb128-m-cache-lodash-2-4-2-package-tgz tar://C:\Users\Snake\AppData\Roaming\npm-cache\lodash\2.4.2\package.tgz
171 silly lockFile 12ccb128-m-cache-lodash-2-4-2-package-tgz tar://C:\Users\Snake\AppData\Roaming\npm-cache\lodash\2.4.2\package.tgz
172 info preinstall lodash@2.4.2
173 verbose readDependencies using package.json deps
174 verbose readDependencies using package.json deps
175 silly resolved []
176 verbose about to build d:\PersonalProjects\PeopleQuality\node_modules\hapi-mongoose-handler\node_modules\lodash
177 info build d:\PersonalProjects\PeopleQuality\node_modules\hapi-mongoose-handler\node_modules\lodash
178 verbose linkStuff [ false,
178 verbose linkStuff   false,
178 verbose linkStuff   false,
178 verbose linkStuff   'd:\\PersonalProjects\\PeopleQuality\\node_modules\\hapi-mongoose-handler\\node_modules' ]
179 info linkStuff lodash@2.4.2
180 verbose linkBins lodash@2.4.2
181 verbose linkMans lodash@2.4.2
182 verbose rebuildBundles lodash@2.4.2
183 info install lodash@2.4.2
184 info postinstall lodash@2.4.2
185 verbose about to build d:\PersonalProjects\PeopleQuality\node_modules\hapi-mongoose-handler
186 info build d:\PersonalProjects\PeopleQuality\node_modules\hapi-mongoose-handler
187 verbose linkStuff [ false,
187 verbose linkStuff   false,
187 verbose linkStuff   false,
187 verbose linkStuff   'd:\\PersonalProjects\\PeopleQuality\\node_modules' ]
188 info linkStuff hapi-mongoose-handler@0.0.5
189 verbose linkBins hapi-mongoose-handler@0.0.5
190 verbose linkMans hapi-mongoose-handler@0.0.5
191 verbose rebuildBundles hapi-mongoose-handler@0.0.5
192 verbose rebuildBundles [ 'lodash' ]
193 info install hapi-mongoose-handler@0.0.5
194 info postinstall hapi-mongoose-handler@0.0.5
195 verbose readDependencies using package.json deps
196 verbose already installed skipping hapi@2.x.x d:\PersonalProjects\PeopleQuality
197 silly resolved []
198 error peerinvalid The package hapi does not satisfy its siblings' peerDependencies requirements!
198 error peerinvalid Peer hapi-mongoose-handler@0.0.5 wants hapi@2.x.x
199 error System Windows_NT 6.2.9200
200 error command "c:\\Program Files (x86)\\nodejs\\node.exe" "c:\\Program Files (x86)\\nodejs\\node_modules\\npm\\bin\\npm-cli.js" "install" "hapi-mongoose-handler"
201 error cwd d:\PersonalProjects\PeopleQuality\src\data
202 error node -v v0.10.36
203 error npm -v 1.4.28
204 error code EPEERINVALID
205 verbose exit [ 1, true ]
